Simulation started at: Fri Jan 17 15:02:49 IST 2025
[ESDL!tb] Starting Phase: BUILD
[ESDL!tb] Starting Phase: CONFIGURE
[ESDL!tb]*No default timePrecision specified; setting timePrecision to 1.psec
[ESDL!tb]*No default timeUnit specified; setting timeUnit to 1.nsec
[ESDL!tb] Starting Phase: BIND
[ESDL!tb] Start of Simulation
Using random_seed: 1
UVM_INFO ../euvm/src/uvm/base/uvm_root.d(1253) @ 0: reporter [UVM/RELNOTES] 
  ***********       IMPORTANT RELEASE NOTES         ************

  This implementation of the UVM Library deviates from the 1800.2-2020
  standard.  See the DEVIATIONS.md file contained in the release
  for more details.

----------------------------------------------------------------
Accellera:1800.2-2020:UVM:1.0

All copyright owners for this kit are listed in NOTICE.txt
All Rights Reserved Worldwide
----------------------------------------------------------------

      (Specify +UVM_NO_RELNOTES to turn off this notice)

UVM_INFO ../euvm/src/uvm/base/uvm_root.d(396) @ 0: reporter [RNTST] Running test adder_avst.random_test...
UVM_INFO ../testbench/adder_avst.d(504) @ 0: tb.uvm_dock.root.uvm_test_top.env.agent.coverage_out [adder_avst.avst_coverage_out] :: Entering build phase
UVM_INFO ../testbench/adder_avst.d(429) @ 0: tb.uvm_dock.root.uvm_test_top.env.agent.coverage_in [adder_avst.avst_coverage_in] :: Entering build phase
UVM_INFO ../euvm/src/uvm/seq/uvm_sequencer_base.d(445) @ 0: tb.uvm_dock.root.uvm_test_top.env.agent.sequencer [PHASESEQ] No default phase sequence for phase 'run'
UVM_INFO ../euvm/src/uvm/seq/uvm_sequencer_base.d(445) @ 0: tb.uvm_dock.root.uvm_test_top.env.agent.sequencer_out [PHASESEQ] No default phase sequence for phase 'run'
UVM_INFO ../euvm/src/uvm/seq/uvm_sequencer_base.d(445) @ 0: tb.uvm_dock.root.uvm_test_top.env.agent.sequencer [PHASESEQ] No default phase sequence for phase 'pre_reset'
UVM_INFO ../euvm/src/uvm/seq/uvm_sequencer_base.d(445) @ 0: tb.uvm_dock.root.uvm_test_top.env.agent.sequencer_out [PHASESEQ] No default phase sequence for phase 'pre_reset'
UVM_INFO ../euvm/src/uvm/base/uvm_phase.d(1969) @ 0: reporter [PH_READY_TO_END] Phase 'uvm.uvm_sched.pre_reset' (id=17) PHASE READY TO END
UVM_INFO ../euvm/src/uvm/seq/uvm_sequencer_base.d(514) @ 0: tb.uvm_dock.root.uvm_test_top.env.agent.sequencer [PHASESEQ] No default sequence to kill for phase 'pre_reset'
UVM_INFO ../euvm/src/uvm/seq/uvm_sequencer_base.d(514) @ 0: tb.uvm_dock.root.uvm_test_top.env.agent.sequencer_out [PHASESEQ] No default sequence to kill for phase 'pre_reset'
UVM_INFO ../euvm/src/uvm/seq/uvm_sequencer_base.d(445) @ 0: tb.uvm_dock.root.uvm_test_top.env.agent.sequencer [PHASESEQ] No default phase sequence for phase 'reset'
UVM_INFO ../euvm/src/uvm/seq/uvm_sequencer_base.d(445) @ 0: tb.uvm_dock.root.uvm_test_top.env.agent.sequencer_out [PHASESEQ] No default phase sequence for phase 'reset'
UVM_INFO ../euvm/src/uvm/base/uvm_phase.d(1969) @ 0: reporter [PH_READY_TO_END] Phase 'uvm.uvm_sched.reset' (id=26) PHASE READY TO END
UVM_INFO ../euvm/src/uvm/seq/uvm_sequencer_base.d(514) @ 0: tb.uvm_dock.root.uvm_test_top.env.agent.sequencer [PHASESEQ] No default sequence to kill for phase 'reset'
UVM_INFO ../euvm/src/uvm/seq/uvm_sequencer_base.d(514) @ 0: tb.uvm_dock.root.uvm_test_top.env.agent.sequencer_out [PHASESEQ] No default sequence to kill for phase 'reset'
UVM_INFO ../euvm/src/uvm/seq/uvm_sequencer_base.d(445) @ 0: tb.uvm_dock.root.uvm_test_top.env.agent.sequencer [PHASESEQ] No default phase sequence for phase 'post_reset'
UVM_INFO ../euvm/src/uvm/seq/uvm_sequencer_base.d(445) @ 0: tb.uvm_dock.root.uvm_test_top.env.agent.sequencer_out [PHASESEQ] No default phase sequence for phase 'post_reset'
UVM_INFO ../euvm/src/uvm/base/uvm_phase.d(1969) @ 0: reporter [PH_READY_TO_END] Phase 'uvm.uvm_sched.post_reset' (id=29) PHASE READY TO END
UVM_INFO ../euvm/src/uvm/seq/uvm_sequencer_base.d(514) @ 0: tb.uvm_dock.root.uvm_test_top.env.agent.sequencer [PHASESEQ] No default sequence to kill for phase 'post_reset'
UVM_INFO ../euvm/src/uvm/seq/uvm_sequencer_base.d(514) @ 0: tb.uvm_dock.root.uvm_test_top.env.agent.sequencer_out [PHASESEQ] No default sequence to kill for phase 'post_reset'
UVM_INFO ../euvm/src/uvm/seq/uvm_sequencer_base.d(445) @ 0: tb.uvm_dock.root.uvm_test_top.env.agent.sequencer [PHASESEQ] No default phase sequence for phase 'pre_configure'
UVM_INFO ../euvm/src/uvm/seq/uvm_sequencer_base.d(445) @ 0: tb.uvm_dock.root.uvm_test_top.env.agent.sequencer_out [PHASESEQ] No default phase sequence for phase 'pre_configure'
UVM_INFO ../euvm/src/uvm/base/uvm_phase.d(1969) @ 0: reporter [PH_READY_TO_END] Phase 'uvm.uvm_sched.pre_configure' (id=32) PHASE READY TO END
UVM_INFO ../euvm/src/uvm/seq/uvm_sequencer_base.d(514) @ 0: tb.uvm_dock.root.uvm_test_top.env.agent.sequencer [PHASESEQ] No default sequence to kill for phase 'pre_configure'
UVM_INFO ../euvm/src/uvm/seq/uvm_sequencer_base.d(514) @ 0: tb.uvm_dock.root.uvm_test_top.env.agent.sequencer_out [PHASESEQ] No default sequence to kill for phase 'pre_configure'
UVM_INFO ../euvm/src/uvm/seq/uvm_sequencer_base.d(445) @ 0: tb.uvm_dock.root.uvm_test_top.env.agent.sequencer [PHASESEQ] No default phase sequence for phase 'configure'
UVM_INFO ../euvm/src/uvm/seq/uvm_sequencer_base.d(445) @ 0: tb.uvm_dock.root.uvm_test_top.env.agent.sequencer_out [PHASESEQ] No default phase sequence for phase 'configure'
UVM_INFO ../euvm/src/uvm/base/uvm_phase.d(1969) @ 0: reporter [PH_READY_TO_END] Phase 'uvm.uvm_sched.configure' (id=35) PHASE READY TO END
UVM_INFO ../euvm/src/uvm/seq/uvm_sequencer_base.d(514) @ 0: tb.uvm_dock.root.uvm_test_top.env.agent.sequencer [PHASESEQ] No default sequence to kill for phase 'configure'
UVM_INFO ../euvm/src/uvm/seq/uvm_sequencer_base.d(514) @ 0: tb.uvm_dock.root.uvm_test_top.env.agent.sequencer_out [PHASESEQ] No default sequence to kill for phase 'configure'
UVM_INFO ../euvm/src/uvm/seq/uvm_sequencer_base.d(445) @ 0: tb.uvm_dock.root.uvm_test_top.env.agent.sequencer [PHASESEQ] No default phase sequence for phase 'post_configure'
UVM_INFO ../euvm/src/uvm/seq/uvm_sequencer_base.d(445) @ 0: tb.uvm_dock.root.uvm_test_top.env.agent.sequencer_out [PHASESEQ] No default phase sequence for phase 'post_configure'
UVM_INFO ../euvm/src/uvm/base/uvm_phase.d(1969) @ 0: reporter [PH_READY_TO_END] Phase 'uvm.uvm_sched.post_configure' (id=38) PHASE READY TO END
UVM_INFO ../euvm/src/uvm/seq/uvm_sequencer_base.d(514) @ 0: tb.uvm_dock.root.uvm_test_top.env.agent.sequencer [PHASESEQ] No default sequence to kill for phase 'post_configure'
UVM_INFO ../euvm/src/uvm/seq/uvm_sequencer_base.d(514) @ 0: tb.uvm_dock.root.uvm_test_top.env.agent.sequencer_out [PHASESEQ] No default sequence to kill for phase 'post_configure'
UVM_INFO ../euvm/src/uvm/seq/uvm_sequencer_base.d(445) @ 0: tb.uvm_dock.root.uvm_test_top.env.agent.sequencer [PHASESEQ] No default phase sequence for phase 'pre_main'
UVM_INFO ../euvm/src/uvm/seq/uvm_sequencer_base.d(445) @ 0: tb.uvm_dock.root.uvm_test_top.env.agent.sequencer_out [PHASESEQ] No default phase sequence for phase 'pre_main'
UVM_INFO ../euvm/src/uvm/base/uvm_phase.d(1969) @ 0: reporter [PH_READY_TO_END] Phase 'uvm.uvm_sched.pre_main' (id=41) PHASE READY TO END
UVM_INFO ../euvm/src/uvm/seq/uvm_sequencer_base.d(514) @ 0: tb.uvm_dock.root.uvm_test_top.env.agent.sequencer [PHASESEQ] No default sequence to kill for phase 'pre_main'
UVM_INFO ../euvm/src/uvm/seq/uvm_sequencer_base.d(514) @ 0: tb.uvm_dock.root.uvm_test_top.env.agent.sequencer_out [PHASESEQ] No default sequence to kill for phase 'pre_main'
UVM_INFO ../euvm/src/uvm/seq/uvm_sequencer_base.d(445) @ 0: tb.uvm_dock.root.uvm_test_top.env.agent.sequencer [PHASESEQ] No default phase sequence for phase 'main'
UVM_INFO ../euvm/src/uvm/seq/uvm_sequencer_base.d(445) @ 0: tb.uvm_dock.root.uvm_test_top.env.agent.sequencer_out [PHASESEQ] No default phase sequence for phase 'main'
UVM_INFO ../euvm/src/uvm/base/uvm_phase.d(1969) @ 0: reporter [PH_READY_TO_END] Phase 'uvm.uvm_sched.main' (id=44) PHASE READY TO END
UVM_INFO ../euvm/src/uvm/seq/uvm_sequencer_base.d(514) @ 0: tb.uvm_dock.root.uvm_test_top.env.agent.sequencer [PHASESEQ] No default sequence to kill for phase 'main'
UVM_INFO ../euvm/src/uvm/seq/uvm_sequencer_base.d(514) @ 0: tb.uvm_dock.root.uvm_test_top.env.agent.sequencer_out [PHASESEQ] No default sequence to kill for phase 'main'
UVM_INFO ../euvm/src/uvm/seq/uvm_sequencer_base.d(445) @ 0: tb.uvm_dock.root.uvm_test_top.env.agent.sequencer [PHASESEQ] No default phase sequence for phase 'post_main'
UVM_INFO ../euvm/src/uvm/seq/uvm_sequencer_base.d(445) @ 0: tb.uvm_dock.root.uvm_test_top.env.agent.sequencer_out [PHASESEQ] No default phase sequence for phase 'post_main'
UVM_INFO ../euvm/src/uvm/base/uvm_phase.d(1969) @ 0: reporter [PH_READY_TO_END] Phase 'uvm.uvm_sched.post_main' (id=47) PHASE READY TO END
UVM_INFO ../euvm/src/uvm/seq/uvm_sequencer_base.d(514) @ 0: tb.uvm_dock.root.uvm_test_top.env.agent.sequencer [PHASESEQ] No default sequence to kill for phase 'post_main'
UVM_INFO ../euvm/src/uvm/seq/uvm_sequencer_base.d(514) @ 0: tb.uvm_dock.root.uvm_test_top.env.agent.sequencer_out [PHASESEQ] No default sequence to kill for phase 'post_main'
UVM_INFO ../euvm/src/uvm/seq/uvm_sequencer_base.d(445) @ 0: tb.uvm_dock.root.uvm_test_top.env.agent.sequencer [PHASESEQ] No default phase sequence for phase 'pre_shutdown'
UVM_INFO ../euvm/src/uvm/seq/uvm_sequencer_base.d(445) @ 0: tb.uvm_dock.root.uvm_test_top.env.agent.sequencer_out [PHASESEQ] No default phase sequence for phase 'pre_shutdown'
UVM_INFO ../euvm/src/uvm/base/uvm_phase.d(1969) @ 0: reporter [PH_READY_TO_END] Phase 'uvm.uvm_sched.pre_shutdown' (id=50) PHASE READY TO END
UVM_INFO ../euvm/src/uvm/seq/uvm_sequencer_base.d(514) @ 0: tb.uvm_dock.root.uvm_test_top.env.agent.sequencer [PHASESEQ] No default sequence to kill for phase 'pre_shutdown'
UVM_INFO ../euvm/src/uvm/seq/uvm_sequencer_base.d(514) @ 0: tb.uvm_dock.root.uvm_test_top.env.agent.sequencer_out [PHASESEQ] No default sequence to kill for phase 'pre_shutdown'
UVM_INFO ../euvm/src/uvm/seq/uvm_sequencer_base.d(445) @ 0: tb.uvm_dock.root.uvm_test_top.env.agent.sequencer [PHASESEQ] No default phase sequence for phase 'shutdown'
UVM_INFO ../euvm/src/uvm/seq/uvm_sequencer_base.d(445) @ 0: tb.uvm_dock.root.uvm_test_top.env.agent.sequencer_out [PHASESEQ] No default phase sequence for phase 'shutdown'
UVM_INFO ../euvm/src/uvm/base/uvm_phase.d(1969) @ 0: reporter [PH_READY_TO_END] Phase 'uvm.uvm_sched.shutdown' (id=53) PHASE READY TO END
UVM_INFO ../euvm/src/uvm/seq/uvm_sequencer_base.d(514) @ 0: tb.uvm_dock.root.uvm_test_top.env.agent.sequencer [PHASESEQ] No default sequence to kill for phase 'shutdown'
UVM_INFO ../euvm/src/uvm/seq/uvm_sequencer_base.d(514) @ 0: tb.uvm_dock.root.uvm_test_top.env.agent.sequencer_out [PHASESEQ] No default sequence to kill for phase 'shutdown'
UVM_INFO ../euvm/src/uvm/seq/uvm_sequencer_base.d(445) @ 0: tb.uvm_dock.root.uvm_test_top.env.agent.sequencer [PHASESEQ] No default phase sequence for phase 'post_shutdown'
UVM_INFO ../euvm/src/uvm/seq/uvm_sequencer_base.d(445) @ 0: tb.uvm_dock.root.uvm_test_top.env.agent.sequencer_out [PHASESEQ] No default phase sequence for phase 'post_shutdown'
UVM_INFO ../testbench/adder_avst.d(448) @ 2330000: tb.uvm_dock.root.uvm_test_top.env.agent.coverage_in [avst_coverage_in] Received data in coverage class
UVM_INFO ../testbench/adder_avst.d(449) @ 2330000: tb.uvm_dock.root.uvm_test_top.env.agent.coverage_in [avst_coverage_in] delay at in cov is #114
UVM_INFO ../testbench/adder_avst.d(400) @ 2330000: tb.uvm_dock.root.uvm_test_top.env.agent.req_snooper [AVL Monitored Req] ------------------------------------------------------------------------------------------------
Name                                                           Type                  Size  Value
------------------------------------------------------------------------------------------------
tb.uvm_dock.root.uvm_test_top.env.agent.req_snooper.avst_item  adder_avst.avst_item  -     @1076
  data                                                         ubyte                 8     0x90 
  delay                                                        ubyte                 8     0x72 
  end                                                          ubvec!1               1     0x0  
------------------------------------------------------------------------------------------------

UVM_INFO ../testbench/adder_avst.d(448) @ 3170000: tb.uvm_dock.root.uvm_test_top.env.agent.coverage_in [avst_coverage_in] Received data in coverage class
UVM_INFO ../testbench/adder_avst.d(449) @ 3170000: tb.uvm_dock.root.uvm_test_top.env.agent.coverage_in [avst_coverage_in] delay at in cov is #41
UVM_INFO ../testbench/adder_avst.d(400) @ 3170000: tb.uvm_dock.root.uvm_test_top.env.agent.req_snooper [AVL Monitored Req] ------------------------------------------------------------------------------------------------
Name                                                           Type                  Size  Value
------------------------------------------------------------------------------------------------
tb.uvm_dock.root.uvm_test_top.env.agent.req_snooper.avst_item  adder_avst.avst_item  -     @1097
  data                                                         ubyte                 8     0xa5 
  delay                                                        ubyte                 8     0x29 
  end                                                          ubvec!1               1     0x0  
------------------------------------------------------------------------------------------------

UVM_INFO ../testbench/adder_avst.d(448) @ 3390000: tb.uvm_dock.root.uvm_test_top.env.agent.coverage_in [avst_coverage_in] Received data in coverage class
UVM_INFO ../testbench/adder_avst.d(449) @ 3390000: tb.uvm_dock.root.uvm_test_top.env.agent.coverage_in [avst_coverage_in] delay at in cov is #10
UVM_INFO ../testbench/adder_avst.d(400) @ 3390000: tb.uvm_dock.root.uvm_test_top.env.agent.req_snooper [AVL Monitored Req] ------------------------------------------------------------------------------------------------
Name                                                           Type                  Size  Value
------------------------------------------------------------------------------------------------
tb.uvm_dock.root.uvm_test_top.env.agent.req_snooper.avst_item  adder_avst.avst_item  -     @1109
  data                                                         ubyte                 8     0xee 
  delay                                                        ubyte                 8     0x0a 
  end                                                          ubvec!1               1     0x0  
------------------------------------------------------------------------------------------------

UVM_INFO ../testbench/adder_avst.d(448) @ 7130000: tb.uvm_dock.root.uvm_test_top.env.agent.coverage_in [avst_coverage_in] Received data in coverage class
UVM_INFO ../testbench/adder_avst.d(449) @ 7130000: tb.uvm_dock.root.uvm_test_top.env.agent.coverage_in [avst_coverage_in] delay at in cov is #186
UVM_INFO ../testbench/adder_avst.d(400) @ 7130000: tb.uvm_dock.root.uvm_test_top.env.agent.req_snooper [AVL Monitored Req] ------------------------------------------------------------------------------------------------
Name                                                           Type                  Size  Value
------------------------------------------------------------------------------------------------
tb.uvm_dock.root.uvm_test_top.env.agent.req_snooper.avst_item  adder_avst.avst_item  -     @1121
  data                                                         ubyte                 8     0x2b 
  delay                                                        ubyte                 8     0xba 
  end                                                          ubvec!1               1     0x0  
------------------------------------------------------------------------------------------------

UVM_INFO ../testbench/adder_avst.d(448) @ 8670000: tb.uvm_dock.root.uvm_test_top.env.agent.coverage_in [avst_coverage_in] Received data in coverage class
UVM_INFO ../testbench/adder_avst.d(449) @ 8670000: tb.uvm_dock.root.uvm_test_top.env.agent.coverage_in [avst_coverage_in] delay at in cov is #76
UVM_INFO ../testbench/adder_avst.d(400) @ 8670000: tb.uvm_dock.root.uvm_test_top.env.agent.req_snooper [AVL Monitored Req] ------------------------------------------------------------------------------------------------
Name                                                           Type                  Size  Value
------------------------------------------------------------------------------------------------
tb.uvm_dock.root.uvm_test_top.env.agent.req_snooper.avst_item  adder_avst.avst_item  -     @1133
  data                                                         ubyte                 8     0x80 
  delay                                                        ubyte                 8     0x4c 
  end                                                          ubvec!1               1     0x0  
------------------------------------------------------------------------------------------------

UVM_INFO ../testbench/adder_avst.d(448) @ 9810000: tb.uvm_dock.root.uvm_test_top.env.agent.coverage_in [avst_coverage_in] Received data in coverage class
UVM_INFO ../testbench/adder_avst.d(449) @ 9810000: tb.uvm_dock.root.uvm_test_top.env.agent.coverage_in [avst_coverage_in] delay at in cov is #56
UVM_INFO ../testbench/adder_avst.d(400) @ 9810000: tb.uvm_dock.root.uvm_test_top.env.agent.req_snooper [AVL Monitored Req] ------------------------------------------------------------------------------------------------
Name                                                           Type                  Size  Value
------------------------------------------------------------------------------------------------
tb.uvm_dock.root.uvm_test_top.env.agent.req_snooper.avst_item  adder_avst.avst_item  -     @1145
  data                                                         ubyte                 8     0x82 
  delay                                                        ubyte                 8     0x38 
  end                                                          ubvec!1               1     0x0  
------------------------------------------------------------------------------------------------

UVM_INFO ../testbench/adder_avst.d(448) @ 10070000: tb.uvm_dock.root.uvm_test_top.env.agent.coverage_in [avst_coverage_in] Received data in coverage class
UVM_INFO ../testbench/adder_avst.d(449) @ 10070000: tb.uvm_dock.root.uvm_test_top.env.agent.coverage_in [avst_coverage_in] delay at in cov is #12
UVM_INFO ../testbench/adder_avst.d(400) @ 10070000: tb.uvm_dock.root.uvm_test_top.env.agent.req_snooper [AVL Monitored Req] ------------------------------------------------------------------------------------------------
Name                                                           Type                  Size  Value
------------------------------------------------------------------------------------------------
tb.uvm_dock.root.uvm_test_top.env.agent.req_snooper.avst_item  adder_avst.avst_item  -     @1157
  data                                                         ubyte                 8     0xa1 
  delay                                                        ubyte                 8     0x0c 
  end                                                          ubvec!1               1     0x0  
------------------------------------------------------------------------------------------------

UVM_INFO ../testbench/adder_avst.d(448) @ 13030000: tb.uvm_dock.root.uvm_test_top.env.agent.coverage_in [avst_coverage_in] Received data in coverage class
UVM_INFO ../testbench/adder_avst.d(449) @ 13030000: tb.uvm_dock.root.uvm_test_top.env.agent.coverage_in [avst_coverage_in] delay at in cov is #147
UVM_INFO ../testbench/adder_avst.d(400) @ 13030000: tb.uvm_dock.root.uvm_test_top.env.agent.req_snooper [AVL Monitored Req] ------------------------------------------------------------------------------------------------
Name                                                           Type                  Size  Value
------------------------------------------------------------------------------------------------
tb.uvm_dock.root.uvm_test_top.env.agent.req_snooper.avst_item  adder_avst.avst_item  -     @1169
  data                                                         ubyte                 8     0x67 
  delay                                                        ubyte                 8     0x93 
  end                                                          ubvec!1               1     0x0  
------------------------------------------------------------------------------------------------

UVM_INFO ../testbench/adder_avst.d(448) @ 15710000: tb.uvm_dock.root.uvm_test_top.env.agent.coverage_in [avst_coverage_in] Received data in coverage class
UVM_INFO ../testbench/adder_avst.d(449) @ 15710000: tb.uvm_dock.root.uvm_test_top.env.agent.coverage_in [avst_coverage_in] delay at in cov is #133
UVM_INFO ../testbench/adder_avst.d(400) @ 15710000: tb.uvm_dock.root.uvm_test_top.env.agent.req_snooper [AVL Monitored Req] ------------------------------------------------------------------------------------------------
Name                                                           Type                  Size  Value
------------------------------------------------------------------------------------------------
tb.uvm_dock.root.uvm_test_top.env.agent.req_snooper.avst_item  adder_avst.avst_item  -     @1181
  data                                                         ubyte                 8     0xe7 
  delay                                                        ubyte                 8     0x85 
  end                                                          ubvec!1               1     0x0  
------------------------------------------------------------------------------------------------

UVM_INFO ../testbench/adder_avst.d(448) @ 19030000: tb.uvm_dock.root.uvm_test_top.env.agent.coverage_in [avst_coverage_in] Received data in coverage class
UVM_INFO ../testbench/adder_avst.d(449) @ 19030000: tb.uvm_dock.root.uvm_test_top.env.agent.coverage_in [avst_coverage_in] delay at in cov is #165
UVM_INFO ../testbench/adder_avst.d(400) @ 19030000: tb.uvm_dock.root.uvm_test_top.env.agent.req_snooper [AVL Monitored Req] ------------------------------------------------------------------------------------------------
Name                                                           Type                  Size  Value
------------------------------------------------------------------------------------------------
tb.uvm_dock.root.uvm_test_top.env.agent.req_snooper.avst_item  adder_avst.avst_item  -     @1193
  data                                                         ubyte                 8     0x1f 
  delay                                                        ubyte                 8     0xa5 
  end                                                          ubvec!1               1     0x0  
------------------------------------------------------------------------------------------------

UVM_INFO ../testbench/adder_avst.d(448) @ 22170000: tb.uvm_dock.root.uvm_test_top.env.agent.coverage_in [avst_coverage_in] Received data in coverage class
UVM_INFO ../testbench/adder_avst.d(449) @ 22170000: tb.uvm_dock.root.uvm_test_top.env.agent.coverage_in [avst_coverage_in] delay at in cov is #156
UVM_INFO ../testbench/adder_avst.d(400) @ 22170000: tb.uvm_dock.root.uvm_test_top.env.agent.req_snooper [AVL Monitored Req] ------------------------------------------------------------------------------------------------
Name                                                           Type                  Size  Value
------------------------------------------------------------------------------------------------
tb.uvm_dock.root.uvm_test_top.env.agent.req_snooper.avst_item  adder_avst.avst_item  -     @1205
  data                                                         ubyte                 8     0xb0 
  delay                                                        ubyte                 8     0x9c 
  end                                                          ubvec!1               1     0x0  
------------------------------------------------------------------------------------------------

UVM_INFO ../testbench/adder_avst.d(448) @ 22190000: tb.uvm_dock.root.uvm_test_top.env.agent.coverage_in [avst_coverage_in] Received data in coverage class
UVM_INFO ../testbench/adder_avst.d(449) @ 22190000: tb.uvm_dock.root.uvm_test_top.env.agent.coverage_in [avst_coverage_in] delay at in cov is #0
UVM_INFO ../testbench/adder_avst.d(400) @ 22190000: tb.uvm_dock.root.uvm_test_top.env.agent.req_snooper [AVL Monitored Req] ------------------------------------------------------------------------------------------------
Name                                                           Type                  Size  Value
------------------------------------------------------------------------------------------------
tb.uvm_dock.root.uvm_test_top.env.agent.req_snooper.avst_item  adder_avst.avst_item  -     @1217
  data                                                         ubyte                 8     0xf3 
  delay                                                        ubyte                 8     0x00 
  end                                                          ubvec!1               1     0x0  
------------------------------------------------------------------------------------------------

UVM_INFO ../testbench/adder_avst.d(448) @ 24510000: tb.uvm_dock.root.uvm_test_top.env.agent.coverage_in [avst_coverage_in] Received data in coverage class
UVM_INFO ../testbench/adder_avst.d(449) @ 24510000: tb.uvm_dock.root.uvm_test_top.env.agent.coverage_in [avst_coverage_in] delay at in cov is #115
UVM_INFO ../testbench/adder_avst.d(400) @ 24510000: tb.uvm_dock.root.uvm_test_top.env.agent.req_snooper [AVL Monitored Req] ------------------------------------------------------------------------------------------------
Name                                                           Type                  Size  Value
------------------------------------------------------------------------------------------------
tb.uvm_dock.root.uvm_test_top.env.agent.req_snooper.avst_item  adder_avst.avst_item  -     @1229
  data                                                         ubyte                 8     0x62 
  delay                                                        ubyte                 8     0x73 
  end                                                          ubvec!1               1     0x0  
------------------------------------------------------------------------------------------------

UVM_INFO ../testbench/adder_avst.d(448) @ 27070000: tb.uvm_dock.root.uvm_test_top.env.agent.coverage_in [avst_coverage_in] Received data in coverage class
UVM_INFO ../testbench/adder_avst.d(449) @ 27070000: tb.uvm_dock.root.uvm_test_top.env.agent.coverage_in [avst_coverage_in] delay at in cov is #127
UVM_INFO ../testbench/adder_avst.d(400) @ 27070000: tb.uvm_dock.root.uvm_test_top.env.agent.req_snooper [AVL Monitored Req] ------------------------------------------------------------------------------------------------
Name                                                           Type                  Size  Value
------------------------------------------------------------------------------------------------
tb.uvm_dock.root.uvm_test_top.env.agent.req_snooper.avst_item  adder_avst.avst_item  -     @1241
  data                                                         ubyte                 8     0x60 
  delay                                                        ubyte                 8     0x7f 
  end                                                          ubvec!1               1     0x0  
------------------------------------------------------------------------------------------------

UVM_INFO ../testbench/adder_avst.d(448) @ 30990000: tb.uvm_dock.root.uvm_test_top.env.agent.coverage_in [avst_coverage_in] Received data in coverage class
UVM_INFO ../testbench/adder_avst.d(449) @ 30990000: tb.uvm_dock.root.uvm_test_top.env.agent.coverage_in [avst_coverage_in] delay at in cov is #195
UVM_INFO ../testbench/adder_avst.d(400) @ 30990000: tb.uvm_dock.root.uvm_test_top.env.agent.req_snooper [AVL Monitored Req] ------------------------------------------------------------------------------------------------
Name                                                           Type                  Size  Value
------------------------------------------------------------------------------------------------
tb.uvm_dock.root.uvm_test_top.env.agent.req_snooper.avst_item  adder_avst.avst_item  -     @1253
  data                                                         ubyte                 8     0xa6 
  delay                                                        ubyte                 8     0xc3 
  end                                                          ubvec!1               1     0x0  
------------------------------------------------------------------------------------------------

UVM_INFO ../testbench/adder_avst.d(448) @ 31790000: tb.uvm_dock.root.uvm_test_top.env.agent.coverage_in [avst_coverage_in] Received data in coverage class
UVM_INFO ../testbench/adder_avst.d(449) @ 31790000: tb.uvm_dock.root.uvm_test_top.env.agent.coverage_in [avst_coverage_in] delay at in cov is #39
UVM_INFO ../testbench/adder_avst.d(400) @ 31790000: tb.uvm_dock.root.uvm_test_top.env.agent.req_snooper [AVL Monitored Req] ------------------------------------------------------------------------------------------------
Name                                                           Type                  Size  Value
------------------------------------------------------------------------------------------------
tb.uvm_dock.root.uvm_test_top.env.agent.req_snooper.avst_item  adder_avst.avst_item  -     @1265
  data                                                         ubyte                 8     0x2d 
  delay                                                        ubyte                 8     0x27 
  end                                                          ubvec!1               1     0x0  
------------------------------------------------------------------------------------------------

UVM_INFO ../testbench/adder_avst.d(448) @ 33370000: tb.uvm_dock.root.uvm_test_top.env.agent.coverage_in [avst_coverage_in] Received data in coverage class
UVM_INFO ../testbench/adder_avst.d(449) @ 33370000: tb.uvm_dock.root.uvm_test_top.env.agent.coverage_in [avst_coverage_in] delay at in cov is #78
UVM_INFO ../testbench/adder_avst.d(400) @ 33370000: tb.uvm_dock.root.uvm_test_top.env.agent.req_snooper [AVL Monitored Req] ------------------------------------------------------------------------------------------------
Name                                                           Type                  Size  Value
------------------------------------------------------------------------------------------------
tb.uvm_dock.root.uvm_test_top.env.agent.req_snooper.avst_item  adder_avst.avst_item  -     @1277
  data                                                         ubyte                 8     0x2b 
  delay                                                        ubyte                 8     0x4e 
  end                                                          ubvec!1               1     0x0  
------------------------------------------------------------------------------------------------

UVM_INFO ../testbench/adder_avst.d(448) @ 36610000: tb.uvm_dock.root.uvm_test_top.env.agent.coverage_in [avst_coverage_in] Received data in coverage class
UVM_INFO ../testbench/adder_avst.d(449) @ 36610000: tb.uvm_dock.root.uvm_test_top.env.agent.coverage_in [avst_coverage_in] delay at in cov is #161
UVM_INFO ../testbench/adder_avst.d(400) @ 36610000: tb.uvm_dock.root.uvm_test_top.env.agent.req_snooper [AVL Monitored Req] ------------------------------------------------------------------------------------------------
Name                                                           Type                  Size  Value
------------------------------------------------------------------------------------------------
tb.uvm_dock.root.uvm_test_top.env.agent.req_snooper.avst_item  adder_avst.avst_item  -     @1289
  data                                                         ubyte                 8     0x1f 
  delay                                                        ubyte                 8     0xa1 
  end                                                          ubvec!1               1     0x0  
------------------------------------------------------------------------------------------------

UVM_INFO ../testbench/adder_avst.d(448) @ 37130000: tb.uvm_dock.root.uvm_test_top.env.agent.coverage_in [avst_coverage_in] Received data in coverage class
UVM_INFO ../testbench/adder_avst.d(449) @ 37130000: tb.uvm_dock.root.uvm_test_top.env.agent.coverage_in [avst_coverage_in] delay at in cov is #25
UVM_INFO ../testbench/adder_avst.d(400) @ 37130000: tb.uvm_dock.root.uvm_test_top.env.agent.req_snooper [AVL Monitored Req] ------------------------------------------------------------------------------------------------
Name                                                           Type                  Size  Value
------------------------------------------------------------------------------------------------
tb.uvm_dock.root.uvm_test_top.env.agent.req_snooper.avst_item  adder_avst.avst_item  -     @1301
  data                                                         ubyte                 8     0x99 
  delay                                                        ubyte                 8     0x19 
  end                                                          ubvec!1               1     0x0  
------------------------------------------------------------------------------------------------

UVM_INFO ../testbench/adder_avst.d(448) @ 38790000: tb.uvm_dock.root.uvm_test_top.env.agent.coverage_in [avst_coverage_in] Received data in coverage class
UVM_INFO ../testbench/adder_avst.d(449) @ 38790000: tb.uvm_dock.root.uvm_test_top.env.agent.coverage_in [avst_coverage_in] delay at in cov is #82
UVM_INFO ../testbench/adder_avst.d(400) @ 38790000: tb.uvm_dock.root.uvm_test_top.env.agent.req_snooper [AVL Monitored Req] ------------------------------------------------------------------------------------------------
Name                                                           Type                  Size  Value
------------------------------------------------------------------------------------------------
tb.uvm_dock.root.uvm_test_top.env.agent.req_snooper.avst_item  adder_avst.avst_item  -     @1313
  data                                                         ubyte                 8     0x3d 
  delay                                                        ubyte                 8     0x52 
  end                                                          ubvec!1               1     0x0  
------------------------------------------------------------------------------------------------

UVM_INFO ../testbench/adder_avst.d(448) @ 42890000: tb.uvm_dock.root.uvm_test_top.env.agent.coverage_in [avst_coverage_in] Received data in coverage class
UVM_INFO ../testbench/adder_avst.d(449) @ 42890000: tb.uvm_dock.root.uvm_test_top.env.agent.coverage_in [avst_coverage_in] delay at in cov is #204
UVM_INFO ../testbench/adder_avst.d(400) @ 42890000: tb.uvm_dock.root.uvm_test_top.env.agent.req_snooper [AVL Monitored Req] ------------------------------------------------------------------------------------------------
Name                                                           Type                  Size  Value
------------------------------------------------------------------------------------------------
tb.uvm_dock.root.uvm_test_top.env.agent.req_snooper.avst_item  adder_avst.avst_item  -     @1325
  data                                                         ubyte                 8     0x76 
  delay                                                        ubyte                 8     0xcc 
  end                                                          ubvec!1               1     0x0  
------------------------------------------------------------------------------------------------

UVM_INFO ../testbench/adder_avst.d(448) @ 45830000: tb.uvm_dock.root.uvm_test_top.env.agent.coverage_in [avst_coverage_in] Received data in coverage class
UVM_INFO ../testbench/adder_avst.d(449) @ 45830000: tb.uvm_dock.root.uvm_test_top.env.agent.coverage_in [avst_coverage_in] delay at in cov is #146
UVM_INFO ../testbench/adder_avst.d(400) @ 45830000: tb.uvm_dock.root.uvm_test_top.env.agent.req_snooper [AVL Monitored Req] ------------------------------------------------------------------------------------------------
Name                                                           Type                  Size  Value
------------------------------------------------------------------------------------------------
tb.uvm_dock.root.uvm_test_top.env.agent.req_snooper.avst_item  adder_avst.avst_item  -     @1337
  data                                                         ubyte                 8     0xd9 
  delay                                                        ubyte                 8     0x92 
  end                                                          ubvec!1               1     0x0  
------------------------------------------------------------------------------------------------

UVM_INFO ../testbench/adder_avst.d(448) @ 50370000: tb.uvm_dock.root.uvm_test_top.env.agent.coverage_in [avst_coverage_in] Received data in coverage class
UVM_INFO ../testbench/adder_avst.d(449) @ 50370000: tb.uvm_dock.root.uvm_test_top.env.agent.coverage_in [avst_coverage_in] delay at in cov is #226
UVM_INFO ../testbench/adder_avst.d(400) @ 50370000: tb.uvm_dock.root.uvm_test_top.env.agent.req_snooper [AVL Monitored Req] ------------------------------------------------------------------------------------------------
Name                                                           Type                  Size  Value
------------------------------------------------------------------------------------------------
tb.uvm_dock.root.uvm_test_top.env.agent.req_snooper.avst_item  adder_avst.avst_item  -     @1349
  data                                                         ubyte                 8     0x9a 
  delay                                                        ubyte                 8     0xe2 
  end                                                          ubvec!1               1     0x0  
------------------------------------------------------------------------------------------------

UVM_INFO ../testbench/adder_avst.d(448) @ 54670000: tb.uvm_dock.root.uvm_test_top.env.agent.coverage_in [avst_coverage_in] Received data in coverage class
UVM_INFO ../testbench/adder_avst.d(449) @ 54670000: tb.uvm_dock.root.uvm_test_top.env.agent.coverage_in [avst_coverage_in] delay at in cov is #214
UVM_INFO ../testbench/adder_avst.d(400) @ 54670000: tb.uvm_dock.root.uvm_test_top.env.agent.req_snooper [AVL Monitored Req] ------------------------------------------------------------------------------------------------
Name                                                           Type                  Size  Value
------------------------------------------------------------------------------------------------
tb.uvm_dock.root.uvm_test_top.env.agent.req_snooper.avst_item  adder_avst.avst_item  -     @1361
  data                                                         ubyte                 8     0x0a 
  delay                                                        ubyte                 8     0xd6 
  end                                                          ubvec!1               1     0x0  
------------------------------------------------------------------------------------------------

UVM_INFO ../testbench/adder_avst.d(448) @ 56150000: tb.uvm_dock.root.uvm_test_top.env.agent.coverage_in [avst_coverage_in] Received data in coverage class
UVM_INFO ../testbench/adder_avst.d(449) @ 56150000: tb.uvm_dock.root.uvm_test_top.env.agent.coverage_in [avst_coverage_in] delay at in cov is #73
UVM_INFO ../testbench/adder_avst.d(400) @ 56150000: tb.uvm_dock.root.uvm_test_top.env.agent.req_snooper [AVL Monitored Req] ------------------------------------------------------------------------------------------------
Name                                                           Type                  Size  Value
------------------------------------------------------------------------------------------------
tb.uvm_dock.root.uvm_test_top.env.agent.req_snooper.avst_item  adder_avst.avst_item  -     @1373
  data                                                         ubyte                 8     0x80 
  delay                                                        ubyte                 8     0x49 
  end                                                          ubvec!1               1     0x0  
------------------------------------------------------------------------------------------------

UVM_INFO ../testbench/adder_avst.d(448) @ 56470000: tb.uvm_dock.root.uvm_test_top.env.agent.coverage_in [avst_coverage_in] Received data in coverage class
UVM_INFO ../testbench/adder_avst.d(449) @ 56470000: tb.uvm_dock.root.uvm_test_top.env.agent.coverage_in [avst_coverage_in] delay at in cov is #15
UVM_INFO ../testbench/adder_avst.d(400) @ 56470000: tb.uvm_dock.root.uvm_test_top.env.agent.req_snooper [AVL Monitored Req] ------------------------------------------------------------------------------------------------
Name                                                           Type                  Size  Value
------------------------------------------------------------------------------------------------
tb.uvm_dock.root.uvm_test_top.env.agent.req_snooper.avst_item  adder_avst.avst_item  -     @1385
  data                                                         ubyte                 8     0x7b 
  delay                                                        ubyte                 8     0x0f 
  end                                                          ubvec!1               1     0x0  
------------------------------------------------------------------------------------------------

UVM_INFO ../testbench/adder_avst.d(448) @ 60930000: tb.uvm_dock.root.uvm_test_top.env.agent.coverage_in [avst_coverage_in] Received data in coverage class
UVM_INFO ../testbench/adder_avst.d(449) @ 60930000: tb.uvm_dock.root.uvm_test_top.env.agent.coverage_in [avst_coverage_in] delay at in cov is #222
UVM_INFO ../testbench/adder_avst.d(400) @ 60930000: tb.uvm_dock.root.uvm_test_top.env.agent.req_snooper [AVL Monitored Req] ------------------------------------------------------------------------------------------------
Name                                                           Type                  Size  Value
------------------------------------------------------------------------------------------------
tb.uvm_dock.root.uvm_test_top.env.agent.req_snooper.avst_item  adder_avst.avst_item  -     @1397
  data                                                         ubyte                 8     0xa4 
  delay                                                        ubyte                 8     0xde 
  end                                                          ubvec!1               1     0x0  
------------------------------------------------------------------------------------------------

UVM_INFO ../testbench/adder_avst.d(448) @ 62390000: tb.uvm_dock.root.uvm_test_top.env.agent.coverage_in [avst_coverage_in] Received data in coverage class
UVM_INFO ../testbench/adder_avst.d(449) @ 62390000: tb.uvm_dock.root.uvm_test_top.env.agent.coverage_in [avst_coverage_in] delay at in cov is #72
UVM_INFO ../testbench/adder_avst.d(400) @ 62390000: tb.uvm_dock.root.uvm_test_top.env.agent.req_snooper [AVL Monitored Req] ------------------------------------------------------------------------------------------------
Name                                                           Type                  Size  Value
------------------------------------------------------------------------------------------------
tb.uvm_dock.root.uvm_test_top.env.agent.req_snooper.avst_item  adder_avst.avst_item  -     @1409
  data                                                         ubyte                 8     0xb5 
  delay                                                        ubyte                 8     0x48 
  end                                                          ubvec!1               1     0x0  
------------------------------------------------------------------------------------------------

UVM_INFO ../testbench/adder_avst.d(448) @ 65870000: tb.uvm_dock.root.uvm_test_top.env.agent.coverage_in [avst_coverage_in] Received data in coverage class
UVM_INFO ../testbench/adder_avst.d(449) @ 65870000: tb.uvm_dock.root.uvm_test_top.env.agent.coverage_in [avst_coverage_in] delay at in cov is #173
UVM_INFO ../testbench/adder_avst.d(400) @ 65870000: tb.uvm_dock.root.uvm_test_top.env.agent.req_snooper [AVL Monitored Req] ------------------------------------------------------------------------------------------------
Name                                                           Type                  Size  Value
------------------------------------------------------------------------------------------------
tb.uvm_dock.root.uvm_test_top.env.agent.req_snooper.avst_item  adder_avst.avst_item  -     @1421
  data                                                         ubyte                 8     0xc2 
  delay                                                        ubyte                 8     0xad 
  end                                                          ubvec!1               1     0x0  
------------------------------------------------------------------------------------------------

UVM_INFO ../testbench/adder_avst.d(448) @ 66010000: tb.uvm_dock.root.uvm_test_top.env.agent.coverage_in [avst_coverage_in] Received data in coverage class
UVM_INFO ../testbench/adder_avst.d(449) @ 66010000: tb.uvm_dock.root.uvm_test_top.env.agent.coverage_in [avst_coverage_in] delay at in cov is #6
UVM_INFO ../testbench/adder_avst.d(400) @ 66010000: tb.uvm_dock.root.uvm_test_top.env.agent.req_snooper [AVL Monitored Req] ------------------------------------------------------------------------------------------------
Name                                                           Type                  Size  Value
------------------------------------------------------------------------------------------------
tb.uvm_dock.root.uvm_test_top.env.agent.req_snooper.avst_item  adder_avst.avst_item  -     @1433
  data                                                         ubyte                 8     0x00 
  delay                                                        ubyte                 8     0x06 
  end                                                          ubvec!1               1     0x0  
------------------------------------------------------------------------------------------------

UVM_INFO ../testbench/adder_avst.d(448) @ 67430000: tb.uvm_dock.root.uvm_test_top.env.agent.coverage_in [avst_coverage_in] Received data in coverage class
UVM_INFO ../testbench/adder_avst.d(449) @ 67430000: tb.uvm_dock.root.uvm_test_top.env.agent.coverage_in [avst_coverage_in] delay at in cov is #70
UVM_INFO ../testbench/adder_avst.d(400) @ 67430000: tb.uvm_dock.root.uvm_test_top.env.agent.req_snooper [AVL Monitored Req] ------------------------------------------------------------------------------------------------
Name                                                           Type                  Size  Value
------------------------------------------------------------------------------------------------
tb.uvm_dock.root.uvm_test_top.env.agent.req_snooper.avst_item  adder_avst.avst_item  -     @1456
  data                                                         ubyte                 8     0xfe 
  delay                                                        ubyte                 8     0x46 
  end                                                          ubvec!1               1     0x0  
------------------------------------------------------------------------------------------------

UVM_INFO ../testbench/adder_avst.d(659) @ 72210000: tb.uvm_dock.root.uvm_test_top.env.agent.req_monitor [Monitor] Got Seq --------------------------------------------------------
Name            Type                        Size  Value 
--------------------------------------------------------
avst_seq        adder_avst.avst_phrase_seq  -     @1080 
  phrase        ubyte[]                     32    -     
    phrase[0]   ubyte                       8     0x90  
    phrase[1]   ubyte                       8     0xa5  
    phrase[2]   ubyte                       8     0xee  
    phrase[3]   ubyte                       8     0x2b  
    phrase[4]   ubyte                       8     0x80  
    ...         ...                         ...   ...   
    phrase[27]  ubyte                       8     0xb5  
    phrase[28]  ubyte                       8     0xc2  
    phrase[29]  ubyte                       8     0x00  
    phrase[30]  ubyte                       8     0xfe  
    phrase[31]  ubyte                       8     0xa2  
  req           object          [ESDL!tb] Shutting down all the Routine threads
[ESDL!tb] Shutting down all the active Tasks
[ESDL!tb] Simulation Complete
[ESDL!tb] Total Run Time: 6.265045.sec
            -     <null>
  rsp           object                      -     <null>
--------------------------------------------------------

UVM_INFO ../testbench/adder_avst.d(586) @ 72210000: tb.uvm_dock.root.uvm_test_top.env.agent.scoreboard [Monitor] Got req item
UVM_INFO ../testbench/adder_avst.d(448) @ 72210000: tb.uvm_dock.root.uvm_test_top.env.agent.coverage_in [avst_coverage_in] Received data in coverage class
UVM_INFO ../testbench/adder_avst.d(449) @ 72210000: tb.uvm_dock.root.uvm_test_top.env.agent.coverage_in [avst_coverage_in] delay at in cov is #238
UVM_INFO ../testbench/adder_avst.d(400) @ 72210000: tb.uvm_dock.root.uvm_test_top.env.agent.req_snooper [AVL Monitored Req] ------------------------------------------------------------------------------------------------
Name                                                           Type                  Size  Value
------------------------------------------------------------------------------------------------
tb.uvm_dock.root.uvm_test_top.env.agent.req_snooper.avst_item  adder_avst.avst_item  -     @1468
  data                                                         ubyte                 8     0xa2 
  delay                                                        ubyte                 8     0xee 
  end                                                          ubvec!1               1     0x1  
------------------------------------------------------------------------------------------------

UVM_FATAL ../euvm/src/uvm/base/uvm_phase.d(2034) @ 9200000000000000: reporter [PH_TIMEOUT] Default timeout of 9200000000000000 hit, indicating a probable testbench issue
UVM_INFO ../euvm/src/uvm/base/uvm_report_catcher.d(761) @ 9200000000000000: reporter [UVM/REPORT/CATCHER] 
--- UVM Report catcher Summary ---


Number of demoted UVM_FATAL reports  :    0
Number of demoted UVM_ERROR reports  :    0
Number of demoted UVM_WARNING reports:    0
Number of caught UVM_FATAL reports   :    0
Number of caught UVM_ERROR reports   :    0
Number of caught UVM_WARNING reports :    0

UVM_INFO ../euvm/src/uvm/base/uvm_report_server.d(971) @ 9200000000000000: reporter [UVM/REPORT/SERVER] 
--- UVM Report Summary ---

** Report counts by severity
UVM_TRACE :    0
UVM_FATAL :    1
UVM_ERROR :    0
UVM_WARNING :    0
UVM_INFO :  162
** Report counts by id
[avst_coverage_in]    64
[UVM/RELNOTES]     1
[adder_avst.avst_coverage_in]     1
[AVL Monitored Req]    32
[PH_TIMEOUT]     1
[PH_READY_TO_END]    11
[Monitor]     2
[PHASESEQ]    48
[UVM/REPORT/CATCHER]     1
[RNTST]     1
[adder_avst.avst_coverage_out]     1

